<?xml version="1.0" encoding="UTF-8"?>
<!-- Generated by org.testng.reporters.JUnitXMLReporter -->
<testsuite ignored="0" hostname="juret01s-Air" failures="0" tests="5" name="Default test" time="45.37" errors="0" timestamp="2023-04-10T13:21:40 ACST">
  <testcase classname="package1Test.ParalilTesting" name="method1" time="10.748"/>
  <testcase classname="package1Test.ParalilTesting" name="method2" time="9.673"/>
  <testcase classname="package1Test.ParalilTesting" name="method3" time="9.182"/>
  <testcase classname="package1Test.ParalilTesting" name="method4" time="7.68"/>
  <testcase classname="package1Test.ParalilTesting" name="method5" time="7.972"/>
</testsuite> <!-- Default test -->
