<?xml version="1.0" encoding="UTF-8"?>
<!-- Generated by org.testng.reporters.JUnitXMLReporter -->
<testsuite ignored="0" hostname="juret01s-MacBook-Air.local" failures="0" tests="5" name="Parallel Test" time="26.211" errors="0" timestamp="2023-02-24T12:04:49 ACDT">
  <testcase classname="package1Test.ParalilTesting" name="method1" time="19.512"/>
  <testcase classname="package1Test.ParalilTesting" name="method5" time="19.515"/>
  <testcase classname="package1Test.ParalilTesting" name="method3" time="22.401"/>
  <testcase classname="package1Test.ParalilTesting" name="method4" time="25.166"/>
  <testcase classname="package1Test.ParalilTesting" name="method2" time="26.11"/>
</testsuite> <!-- Parallel Test -->
