<?xml version="1.0" encoding="UTF-8"?>
<!-- Generated by org.testng.reporters.JUnitXMLReporter -->
<testsuite ignored="5" hostname="juret01s-Air" failures="0" tests="2" name="Test" time="0.102" errors="0" timestamp="2023-02-24T21:20:42 ACDT">
  <testcase classname="package1Test.dependsOnGroupsTest" name="test1" time="0.014"/>
  <testcase classname="package1Test.dependsOnGroupsTest" name="test3" time="0.002"/>
  <testcase classname="package1Test.testing1Practices" name="test2" time="0.0">
    <ignored/>
  </testcase> <!-- test2 -->
  <testcase classname="package1Test.testing1Practices" name="test1" time="0.0">
    <ignored/>
  </testcase> <!-- test1 -->
  <testcase classname="package1Test.IgnoreTest" name="testPrint2" time="0.0">
    <ignored/>
  </testcase> <!-- testPrint2 -->
  <testcase classname="package1Test.IgnoreTest" name="testPrint" time="0.0">
    <ignored/>
  </testcase> <!-- testPrint -->
  <testcase classname="package1Test.dependsOnGroupsTest" name="test2" time="0.0">
    <ignored/>
  </testcase> <!-- test2 -->
</testsuite> <!-- Test -->
