<?xml version="1.0" encoding="UTF-8"?>
<testng-results ignored="0" total="5" passed="5" failed="0" skipped="0">
  <reporter-output>
  </reporter-output>
  <suite started-at="2023-04-10T13:20:54 ACST" name="Default suite" finished-at="2023-04-10T13:21:40 ACST" duration-ms="45370">
    <groups>
    </groups>
    <test started-at="2023-04-10T13:20:54 ACST" name="Default test" finished-at="2023-04-10T13:21:40 ACST" duration-ms="45370">
      <class name="package1Test.ParalilTesting">
        <test-method signature="method1()[pri:0, instance:package1Test.ParalilTesting@5cee5251]" started-at="2023-04-10T13:20:54 ACST" name="method1" finished-at="2023-04-10T13:21:05 ACST" duration-ms="10748" status="PASS">
          <reporter-output>
          </reporter-output>
        </test-method> <!-- method1 -->
        <test-method signature="method2()[pri:0, instance:package1Test.ParalilTesting@5cee5251]" started-at="2023-04-10T13:21:05 ACST" name="method2" finished-at="2023-04-10T13:21:15 ACST" duration-ms="9673" status="PASS">
          <reporter-output>
          </reporter-output>
        </test-method> <!-- method2 -->
        <test-method signature="method3()[pri:0, instance:package1Test.ParalilTesting@5cee5251]" started-at="2023-04-10T13:21:15 ACST" name="method3" finished-at="2023-04-10T13:21:24 ACST" duration-ms="9182" status="PASS">
          <reporter-output>
          </reporter-output>
        </test-method> <!-- method3 -->
        <test-method signature="method4()[pri:0, instance:package1Test.ParalilTesting@5cee5251]" started-at="2023-04-10T13:21:24 ACST" name="method4" finished-at="2023-04-10T13:21:32 ACST" duration-ms="7680" status="PASS">
          <reporter-output>
          </reporter-output>
        </test-method> <!-- method4 -->
        <test-method signature="method5()[pri:0, instance:package1Test.ParalilTesting@5cee5251]" started-at="2023-04-10T13:21:32 ACST" name="method5" finished-at="2023-04-10T13:21:40 ACST" duration-ms="7972" status="PASS">
          <reporter-output>
          </reporter-output>
        </test-method> <!-- method5 -->
      </class> <!-- package1Test.ParalilTesting -->
    </test> <!-- Default test -->
  </suite> <!-- Default suite -->
</testng-results>
